[15:45:30] [ServerMain/INFO]: [bootstrap] Running Java 21 (OpenJDK 64-Bit Server VM 21.0.7+6; Red Hat, Inc. (Red_Hat-21.0.7.0.6-2)) on Linux 6.14.11-300.fc42.x86_64 (amd64)
[15:45:30] [ServerMain/INFO]: [bootstrap] Loading Paper 1.21.4-232-ver/1.21.4@12d8fe0 (2025-06-09T10:15:42Z) for Minecraft 1.21.4
[15:45:30] [ServerMain/INFO]: [PluginInitializerManager] Initializing plugins...
[15:45:30] [ServerMain/INFO]: [PluginInitializerManager] Initialized 0 plugins
[15:45:32] [ServerMain/INFO]: Environment: Environment[sessionHost=https://sessionserver.mojang.com, servicesHost=https://api.minecraftservices.com, name=PROD]
[15:45:33] [ServerMain/INFO]: Loaded 1370 recipes
[15:45:33] [ServerMain/INFO]: Loaded 1481 advancements
[15:45:33] [ServerMain/INFO]: [MCTypeRegistry] Initialising converters for DataConverter...
[15:45:33] [ServerMain/INFO]: [MCTypeRegistry] Finished initialising converters for DataConverter in 110,6ms
[15:45:33] [Server thread/INFO]: Starting minecraft server version 1.21.4
[15:45:33] [Server thread/INFO]: Loading properties
[15:45:33] [Server thread/INFO]: This server is running Paper version 1.21.4-232-ver/1.21.4@12d8fe0 (2025-06-09T10:15:42Z) (Implementing API version 1.21.4-R0.1-SNAPSHOT)
[15:45:33] [Server thread/INFO]: [spark] This server bundles the spark profiler. For more information please visit https://docs.papermc.io/paper/profiling
[15:45:33] [Server thread/INFO]: Server Ping Player Sample Count: 12
[15:45:33] [Server thread/INFO]: Using 4 threads for Netty based IO
[15:45:34] [Server thread/INFO]: [MoonriseCommon] Paper is using 3 worker threads, 1 I/O threads
[15:45:34] [Server thread/INFO]: [ChunkTaskScheduler] Chunk system is using population gen parallelism: true
[15:45:34] [Server thread/INFO]: Default game type: SURVIVAL
[15:45:34] [Server thread/INFO]: Generating keypair
[15:45:34] [Server thread/INFO]: Starting Minecraft server on *:25565
[15:45:34] [Server thread/INFO]: Using epoll channel type
[15:45:34] [Server thread/INFO]: Paper: Using libdeflate (Linux x86_64) compression from Velocity.
[15:45:34] [Server thread/INFO]: Paper: Using OpenSSL 3.x.x (Linux x86_64) cipher from Velocity.
[15:45:34] [Server thread/INFO]: Server permissions file permissions.yml is empty, ignoring it
[15:45:34] [Server thread/WARN]: **** SERVER IS RUNNING IN OFFLINE/INSECURE MODE!
[15:45:34] [Server thread/WARN]: The server will make no attempt to authenticate usernames. Beware.
[15:45:34] [Server thread/WARN]: While this makes the game possible to play without internet access, it also opens up the ability for hackers to connect with any username they choose.
[15:45:34] [Server thread/WARN]: To change this, set "online-mode" to "true" in the server.properties file.
[15:45:34] [Server thread/INFO]: Preparing level "world"
[15:45:34] [Server thread/INFO]: Preparing start region for dimension minecraft:overworld
[15:45:34] [Server thread/INFO]: Preparing spawn area: 0%
[15:45:35] [Server thread/INFO]: Time elapsed: 487 ms
[15:45:35] [Server thread/INFO]: Preparing start region for dimension minecraft:the_nether
[15:45:35] [Server thread/INFO]: Preparing spawn area: 0%
[15:45:35] [Server thread/INFO]: Time elapsed: 73 ms
[15:45:35] [Server thread/INFO]: Preparing start region for dimension minecraft:the_end
[15:45:35] [Server thread/INFO]: Preparing spawn area: 0%
[15:45:35] [Server thread/INFO]: Time elapsed: 37 ms
[15:45:35] [Server thread/INFO]: [spark] Starting background profiler...
[15:45:35] [Server thread/INFO]: Done preparing level "world" (1.003s)
[15:45:35] [Server thread/INFO]: Running delayed init tasks
[15:45:35] [Server thread/INFO]: Done (5.718s)! For help, type "help"
[15:45:59] [User Authenticator #0/INFO]: UUID of player medvedb__ is e79423b3-757f-3afd-8882-d587d34f7c1c
[15:45:59] [Server thread/INFO]: medvedb__ joined the game
[15:45:59] [Server thread/INFO]: medvedb__[/192.168.0.107:43530] logged in with entity id 36 at ([world]-4.5, 88.0, 10.5)
[15:48:38] [Server thread/INFO]: Made medvedb__ a server operator
[15:49:07] [Server thread/INFO]: medvedb__ issued server command: /gamemode 1
[15:49:10] [Server thread/INFO]: medvedb__ issued server command: /gamemode creative
[15:49:10] [Server thread/INFO]: [medvedb__: Set own game mode to Creative Mode]
[15:49:33] [Server thread/INFO]: medvedb__ has made the advancement [Monster Hunter]
[15:56:13] [Server thread/INFO]: medvedb__ lost connection: Disconnected
[15:56:13] [Server thread/INFO]: medvedb__ left the game
[16:08:35] [User Authenticator #1/INFO]: UUID of player medvedb__ is e79423b3-757f-3afd-8882-d587d34f7c1c
[16:08:36] [Server thread/INFO]: medvedb__ joined the game
[16:08:36] [Server thread/INFO]: medvedb__[/192.168.0.107:38254] logged in with entity id 2201 at ([world]61.542839256159425, 71.79609115199689, -38.991537222823844)
[16:08:44] [Server thread/INFO]: medvedb__ issued server command: /weather clear
[16:08:44] [Server thread/INFO]: [medvedb__: Set the weather to clear]
[16:08:47] [Async Chat Thread - #1/INFO]: [Not Secure] <medvedb__> d
[16:12:27] [Server thread/INFO]: medvedb__ issued server command: /gamemode survival
[16:12:27] [Server thread/INFO]: [medvedb__: Set own game mode to Survival Mode]
[16:13:58] [Server thread/INFO]: medvedb__ issued server command: /give medvedb__ minecraft:trapped_chest
[16:13:58] [Server thread/INFO]: [medvedb__: Gave 1 [Trapped Chest] to medvedb__]
[16:15:23] [Server thread/INFO]: medvedb__ issued server command: /gamemode creative
[16:15:23] [Server thread/INFO]: [medvedb__: Set own game mode to Creative Mode]
[16:15:41] [Server thread/INFO]: medvedb__ issued server command: /plugins
[16:15:47] [Server thread/INFO]: medvedb__ issued server command: /gm 1
[16:15:54] [Server thread/INFO]: medvedb__ issued server command: /plugins
[16:16:31] [Server thread/INFO]: medvedb__ issued server command: /tps
[16:16:34] [Server thread/INFO]: medvedb__ issued server command: /plugins
[16:16:39] [Server thread/INFO]: medvedb__ issued server command: /reload confirm
[16:16:39] [Server thread/INFO]: medvedb__: Please note that this command is not supported and may cause issues when using some plugins.
[16:16:39] [Server thread/INFO]: medvedb__: If you encounter any issues please use the /stop command to restart your server.
[16:16:39] [Server thread/INFO]: Server Ping Player Sample Count: 12
[16:16:39] [Server thread/INFO]: Using 4 threads for Netty based IO
[16:16:39] [Server thread/INFO]: [MoonriseCommon] Paper is using 3 worker threads, 1 I/O threads
[16:16:39] [Server thread/INFO]: [ChunkTaskScheduler] Chunk system is using population gen parallelism: true
[16:16:39] [Server thread/INFO]: Loaded 1370 recipes
[16:16:39] [Server thread/INFO]: Loaded 1481 advancements
[16:16:39] [Server thread/INFO]: [PluginInitializerManager] Initializing plugins...
[16:16:39] [Paper Async Command Builder Thread Pool - 1/ERROR]: Caught previously unhandled exception :
[16:16:39] [Paper Async Command Builder Thread Pool - 1/ERROR]: Paper Async Command Builder Thread Pool - 1
java.util.ConcurrentModificationException: null
	at java.base/java.util.LinkedHashMap$LinkedHashIterator.nextNode(LinkedHashMap.java:1023) ~[?:?]
	at java.base/java.util.LinkedHashMap$LinkedEntryIterator.next(LinkedHashMap.java:1058) ~[?:?]
	at java.base/java.util.LinkedHashMap$LinkedEntryIterator.next(LinkedHashMap.java:1055) ~[?:?]
	at java.base/java.util.AbstractMap.hashCode(AbstractMap.java:527) ~[?:?]
	at com.mojang.brigadier.tree.CommandNode.hashCode(CommandNode.java:155) ~[paper-1.21.4.jar:1.21.4-232-12d8fe0]
	at java.base/java.util.HashMap.hash(HashMap.java:338) ~[?:?]
	at java.base/java.util.HashMap.put(HashMap.java:618) ~[?:?]
	at net.minecraft.commands.Commands.sendAsync(Commands.java:489) ~[paper-1.21.4.jar:1.21.4-232-12d8fe0]
	at net.minecraft.commands.Commands.lambda$sendCommands$6(Commands.java:471) ~[paper-1.21.4.jar:1.21.4-232-12d8fe0]
	at java.base/java.util.concurrent.ThreadPoolExecutor.runWorker(ThreadPoolExecutor.java:1144) ~[?:?]
	at java.base/java.util.concurrent.ThreadPoolExecutor$Worker.run(ThreadPoolExecutor.java:642) ~[?:?]
	at java.base/java.lang.Thread.run(Thread.java:1583) ~[?:?]
[16:16:39] [Paper Plugin Remapper Thread - 2/INFO]: [PluginRemapper] Remapping plugin 'plugins/multiverse-core-5.0.2.jar'...
[16:16:40] [Paper Plugin Remapper Thread - 2/INFO]: [PluginRemapper] Done remapping plugin 'plugins/multiverse-core-5.0.2.jar' in 1068ms.
[16:16:40] [Server thread/INFO]: [PluginInitializerManager] Initialized 2 plugins
[16:16:40] [Server thread/INFO]: [PluginInitializerManager] Bukkit plugins (2):
 - Essentials (2.21.1), Multiverse-Core (5.0.2)
[16:16:40] [Server thread/INFO]: [Essentials] Loading server plugin Essentials v2.21.1
[16:16:40] [Server thread/INFO]: [CoreLogging] Loading server plugin Multiverse-Core v5.0.2
[16:16:40] [Server thread/INFO]: Server permissions file permissions.yml is empty, ignoring it
[16:16:40] [Server thread/INFO]: [Essentials] Enabling Essentials v2.21.1
[16:16:41] [Server thread/WARN]: [Essentials] Beginning Adventure locale file conversion.
[16:16:41] [Server thread/ERROR]: [Essentials] Вы используете неподдерживаемую плагином версию сервера!
[16:16:41] [Server thread/INFO]: [Essentials] Создаётся файл конфигурации из шаблона: plugins/Essentials/config.yml
[16:16:41] [Server thread/WARN]: [Essentials] Missing userdata folder, aborting
[16:16:41] [Server thread/INFO]: [Essentials] Создаётся файл конфигурации из шаблона: plugins/Essentials/kits.yml
[16:16:41] [Server thread/INFO]: [Essentials] Attempting to convert old kits in config.yml to new kits.yml
[16:16:41] [Server thread/INFO]: [Essentials] No kits found to migrate.
[16:16:41] [Server thread/INFO]: [Essentials] Starting Essentials ban format conversion
[16:16:41] [Server thread/INFO]: [Essentials] Attempting to migrate ignore list to UUIDs
[16:16:41] [Server thread/INFO]: [Essentials] Attempting to migrate legacy userdata keys to Configurate
[16:16:41] [Server thread/INFO]: [Essentials] Done converting random teleport config.
[16:16:41] [Server thread/INFO]: [Essentials] Создаётся файл конфигурации из шаблона: plugins/Essentials/worth.yml
[16:16:41] [Server thread/INFO]: [Essentials] Selected 1.14.4+ Persistent Data Container Provider as the provider for PersistentDataProvider
[16:16:41] [Server thread/INFO]: [Essentials] Selected 1.11+ Item Unbreakable Provider as the provider for ItemUnbreakableProvider
[16:16:41] [Server thread/INFO]: [Essentials] Selected 1.13+ Spawn Egg Provider as the provider for SpawnEggProvider
[16:16:41] [Server thread/INFO]: [Essentials] Selected 1.8.3+ Spawner Item Provider as the provider for SpawnerItemProvider
[16:16:41] [Server thread/INFO]: [Essentials] Selected 1.21.4+ Sync Commands Provider as the provider for SyncCommandsProvider
[16:16:41] [Server thread/INFO]: [Essentials] Selected 1.17.1+ World Info Provider as the provider for WorldInfoProvider
[16:16:41] [Server thread/INFO]: [Essentials] Selected Paper Container Provider as the provider for ContainerProvider
[16:16:41] [Server thread/INFO]: [Essentials] Selected 1.20.6+ Potion Meta Provider as the provider for PotionMetaProvider
[16:16:41] [Server thread/INFO]: [Essentials] Selected 1.20.4+ Damage Event Provider as the provider for DamageEventProvider
[16:16:41] [Server thread/INFO]: [Essentials] Selected Reflection Formatted Command Alias Provider as the provider for FormattedCommandAliasProvider
[16:16:41] [Server thread/INFO]: [Essentials] Selected 1.20.5+ Banner Data Provider as the provider for BannerDataProvider
[16:16:41] [Server thread/INFO]: [Essentials] Selected 1.12.2+ Player Locale Provider as the provider for PlayerLocaleProvider
[16:16:41] [Server thread/INFO]: [Essentials] Selected Paper Biome Key Provider as the provider for BiomeKeyProvider
[16:16:41] [Server thread/INFO]: [Essentials] Selected 1.12+ Spawner Block Provider as the provider for SpawnerBlockProvider
[16:16:41] [Server thread/INFO]: [Essentials] Selected Paper Known Commands Provider as the provider for KnownCommandsProvider
[16:16:41] [Server thread/INFO]: [Essentials] Selected Paper Serialization Provider as the provider for SerializationProvider
[16:16:41] [Server thread/INFO]: [Essentials] Selected Paper Tick Count Provider as the provider for TickCountProvider
[16:16:41] [Server thread/INFO]: [Essentials] Selected 1.14+ Sign Data Provider as the provider for SignDataProvider
[16:16:41] [Server thread/INFO]: [Essentials] Selected 1.21+ InventoryView Interface ABI Provider as the provider for InventoryViewProvider
[16:16:41] [Server thread/INFO]: [Essentials] Selected Paper Material Tag Provider as the provider for MaterialTagProvider
[16:16:41] [Server thread/INFO]: [Essentials] Selected Paper Server State Provider as the provider for ServerStateProvider
[16:16:41] [Server thread/INFO]: [Essentials] Selected Reflection Online Mode Provider as the provider for OnlineModeProvider
[16:16:41] [Server thread/INFO]: [Essentials] Создаётся файл конфигурации из шаблона: plugins/Essentials/tpr.yml
[16:16:41] [Server thread/INFO]: [Essentials] Loaded 43517 items from items.json.
[16:16:41] [Server thread/INFO]: [Essentials] Создаётся файл конфигурации из шаблона: plugins/Essentials/custom_items.yml
[16:16:41] [Server thread/INFO]: [Essentials] Using locale ru_RU
[16:16:41] [Server thread/INFO]: [Essentials] ServerListPingEvent: Spigot iterator API
[16:16:41] [Server thread/INFO]: [Essentials] Starting Metrics. Opt-out using the global bStats config.
[16:16:41] [Server thread/INFO]: [Essentials] Using superperms-based permissions.
[16:16:41] [Server thread/INFO]: [Multiverse-Core] Enabling Multiverse-Core v5.0.2
[16:16:42] [Server thread/INFO]: [Multiverse-Core] API service loaded!
[16:16:42] [Server thread/INFO]: [Multiverse-Core] Version 5.0.2 (API v5.0) Enabled - By dumptruckman, Rigby, fernferret, lithium3141, main--, benwoo1110 and Zax71
[16:16:42] [Server thread/INFO]: [Multiverse-Core] Help dumptruckman keep this project alive. Become a patron! https://www.patreon.com/dumptruckman
[16:16:42] [Server thread/INFO]: [Multiverse-Core] One time donations are also appreciated: https://www.paypal.me/dumptruckman
[16:16:42] [Server thread/INFO]: medvedb__: Reload complete.
[16:16:42] [Server thread/WARN]: Can't keep up! Is the server overloaded? Running 3129ms or 62 ticks behind
[16:16:42] [Craft Scheduler Thread - 5 - Essentials/INFO]: [Essentials] Получение информации о версии...
[16:16:42] [Server thread/WARN]: medvedb__ moved too quickly! 16.95157480154134,5.319564402569711,-21.82314153093546
[16:16:42] [Server thread/WARN]: medvedb__ moved too quickly! 16.300497550532043,5.184670188831021,-21.021764806547708
[16:16:45] [Server thread/INFO]: medvedb__ issued server command: /pl
[16:16:49] [Server thread/INFO]: medvedb__ issued server command: /gm 1
[16:17:02] [Server thread/INFO]: medvedb__ issued server command: /mvtp world_nether
[16:17:02] [Server thread/INFO]: medvedb__ has made the advancement [We Need to Go Deeper]
[16:17:08] [Server thread/INFO]: medvedb__ tried to swim in lava
[16:17:25] [Server thread/INFO]: medvedb__ issued server command: /multiverse-core:mv
[16:17:28] [Server thread/INFO]: medvedb__ issued server command: /mv help
[16:18:23] [Server thread/INFO]: medvedb__ hit the ground too hard
[16:24:35] [Server thread/INFO]: medvedb__ issued server command: /gamemode creative
